<?xml version="1.0" encoding="UTF-8"?>
<!-- Generated by org.testng.reporters.JUnitReportReporter -->
<testsuite skipped="0" hostname="DESKTOP-4MKCBCN" name="Gmailtest.Testing" tests="1" failures="0" timestamp="27 Dec 2018 02:18:21 GMT" time="230.022" errors="0">
  <testcase name="testing" time="230.022" classname="Gmailtest.Testing"/>
</testsuite> <!-- Gmailtest.Testing -->
